# JRE version: OpenJDK Runtime Environment (8.0_152-b01) (build 1.8.0_152-release-1248-b01)
# Java VM: OpenJDK 64-Bit Server VM (25.152-b01 mixed mode windows-amd64 compressed oops)
Heap:
 PSYoungGen      total 101888K, used 21700K [0x00000000e0000000, 0x00000000e6700000, 0x0000000100000000)
  eden space 98304K, 18% used [0x00000000e0000000,0x00000000e11b52d8,0x00000000e6000000)
  from space 3584K, 99% used [0x00000000e6380000,0x00000000e66fc010,0x00000000e6700000)
  to   space 3584K, 0% used [0x00000000e6000000,0x00000000e6000000,0x00000000e6380000)
 ParOldGen       total 53760K, used 18342K [0x00000000a0000000, 0x00000000a3480000, 0x00000000e0000000)
  object space 53760K, 34% used [0x00000000a0000000,0x00000000a11e9b60,0x00000000a3480000)
 Metaspace       used 29956K, capacity 30428K, committed 30768K, reserved 1075200K
  class space    used 4167K, capacity 4327K, committed 4400K, reserved 1048576K
GC Heap History (10 events):
Event: 1.769 GC heap before
{Heap before GC invocations=3 (full 0):
 PSYoungGen      total 52736K, used 52149K [0x00000000e0000000, 0x00000000e3700000, 0x0000000100000000)
  eden space 49152K, 100% used [0x00000000e0000000,0x00000000e3000000,0x00000000e3000000)
  from space 3584K, 83% used [0x00000000e3380000,0x00000000e366d638,0x00000000e3700000)
  to   space 3584K, 0% used [0x00000000e3000000,0x00000000e3000000,0x00000000e3380000)
 ParOldGen       total 64512K, used 349K [0x00000000a0000000, 0x00000000a3f00000, 0x00000000e0000000)
  object space 64512K, 0% used [0x00000000a0000000,0x00000000a00576a0,0x00000000a3f00000)
 Metaspace       used 13545K, capacity 13862K, committed 14208K, reserved 1060864K
  class space    used 1902K, capacity 2065K, committed 2176K, reserved 1048576K
Event: 1.778 GC heap after
Heap after GC invocations=3 (full 0):
 PSYoungGen      total 52736K, used 3568K [0x00000000e0000000, 0x00000000e6700000, 0x0000000100000000)
  eden space 49152K, 0% used [0x00000000e0000000,0x00000000e0000000,0x00000000e3000000)
  from space 3584K, 99% used [0x00000000e3000000,0x00000000e337c030,0x00000000e3380000)
  to   space 3584K, 0% used [0x00000000e6380000,0x00000000e6380000,0x00000000e6700000)
 ParOldGen       total 64512K, used 5030K [0x00000000a0000000, 0x00000000a3f00000, 0x00000000e0000000)
  object space 64512K, 7% used [0x00000000a0000000,0x00000000a04e9810,0x00000000a3f00000)
 Metaspace       used 13545K, capacity 13862K, committed 14208K, reserved 1060864K
  class space    used 1902K, capacity 2065K, committed 2176K, reserved 1048576K
}
Event: 2.575 GC heap before
{Heap before GC invocations=4 (full 0):
 PSYoungGen      total 52736K, used 52720K [0x00000000e0000000, 0x00000000e6700000, 0x0000000100000000)
  eden space 49152K, 100% used [0x00000000e0000000,0x00000000e3000000,0x00000000e3000000)
  from space 3584K, 99% used [0x00000000e3000000,0x00000000e337c030,0x00000000e3380000)
  to   space 3584K, 0% used [0x00000000e6380000,0x00000000e6380000,0x00000000e6700000)
 ParOldGen       total 64512K, used 5030K [0x00000000a0000000, 0x00000000a3f00000, 0x00000000e0000000)
  object space 64512K, 7% used [0x00000000a0000000,0x00000000a04e9810,0x00000000a3f00000)
 Metaspace       used 18119K, capacity 18588K, committed 18688K, reserved 1064960K
  class space    used 2621K, capacity 2800K, committed 2816K, reserved 1048576K
Event: 2.586 GC heap after
Heap after GC invocations=4 (full 0):
 PSYoungGen      total 101888K, used 3552K [0x00000000e0000000, 0x00000000e6700000, 0x0000000100000000)
  eden space 98304K, 0% used [0x00000000e0000000,0x00000000e0000000,0x00000000e6000000)
  from space 3584K, 99% used [0x00000000e6380000,0x00000000e66f8030,0x00000000e6700000)
  to   space 3584K, 0% used [0x00000000e6000000,0x00000000e6000000,0x00000000e6380000)
 ParOldGen       total 64512K, used 10783K [0x00000000a0000000, 0x00000000a3f00000, 0x00000000e0000000)
  object space 64512K, 16% used [0x00000000a0000000,0x00000000a0a87f08,0x00000000a3f00000)
 Metaspace       used 18119K, capacity 18588K, committed 18688K, reserved 1064960K
  class space    used 2621K, capacity 2800K, committed 2816K, reserved 1048576K
}
Event: 2.786 GC heap before
{Heap before GC invocations=5 (full 0):
 PSYoungGen      total 101888K, used 22075K [0x00000000e0000000, 0x00000000e6700000, 0x0000000100000000)
  eden space 98304K, 18% used [0x00000000e0000000,0x00000000e1216e28,0x00000000e6000000)
  from space 3584K, 99% used [0x00000000e6380000,0x00000000e66f8030,0x00000000e6700000)
  to   space 3584K, 0% used [0x00000000e6000000,0x00000000e6000000,0x00000000e6380000)
 ParOldGen       total 64512K, used 10783K [0x00000000a0000000, 0x00000000a3f00000, 0x00000000e0000000)
  object space 64512K, 16% used [0x00000000a0000000,0x00000000a0a87f08,0x00000000a3f00000)
 Metaspace       used 20801K, capacity 21250K, committed 21296K, reserved 1067008K
  class space    used 2906K, capacity 3089K, committed 3120K, reserved 1048576K
Event: 2.794 GC heap after
Heap after GC invocations=5 (full 0):
 PSYoungGen      total 101888K, used 3556K [0x00000000e0000000, 0x00000000e6700000, 0x0000000100000000)
  eden space 98304K, 0% used [0x00000000e0000000,0x00000000e0000000,0x00000000e6000000)
  from space 3584K, 99% used [0x00000000e6000000,0x00000000e6379050,0x00000000e6380000)
  to   space 3584K, 0% used [0x00000000e6380000,0x00000000e6380000,0x00000000e6700000)
 ParOldGen       total 64512K, used 13435K [0x00000000a0000000, 0x00000000a3f00000, 0x00000000e0000000)
  object space 64512K, 20% used [0x00000000a0000000,0x00000000a0d1eca0,0x00000000a3f00000)
 Metaspace       used 20801K, capacity 21250K, committed 21296K, reserved 1067008K
  class space    used 2906K, capacity 3089K, committed 3120K, reserved 1048576K
}
Event: 2.794 GC heap before
{Heap before GC invocations=6 (full 1):
 PSYoungGen      total 101888K, used 3556K [0x00000000e0000000, 0x00000000e6700000, 0x0000000100000000)
  eden space 98304K, 0% used [0x00000000e0000000,0x00000000e0000000,0x00000000e6000000)
  from space 3584K, 99% used [0x00000000e6000000,0x00000000e6379050,0x00000000e6380000)
  to   space 3584K, 0% used [0x00000000e6380000,0x00000000e6380000,0x00000000e6700000)
 ParOldGen       total 64512K, used 13435K [0x00000000a0000000, 0x00000000a3f00000, 0x00000000e0000000)
  object space 64512K, 20% used [0x00000000a0000000,0x00000000a0d1eca0,0x00000000a3f00000)
 Metaspace       used 20801K, capacity 21250K, committed 21296K, reserved 1067008K
  class space    used 2906K, capacity 3089K, committed 3120K, reserved 1048576K
Event: 2.835 GC heap after
Heap after GC invocations=6 (full 1):
 PSYoungGen      total 101888K, used 0K [0x00000000e0000000, 0x00000000e6700000, 0x0000000100000000)
  eden space 98304K, 0% used [0x00000000e0000000,0x00000000e0000000,0x00000000e6000000)
  from space 3584K, 0% used [0x00000000e6000000,0x00000000e6000000,0x00000000e6380000)
  to   space 3584K, 0% used [0x00000000e6380000,0x00000000e6380000,0x00000000e6700000)
 ParOldGen       total 53760K, used 12235K [0x00000000a0000000, 0x00000000a3480000, 0x00000000e0000000)
  object space 53760K, 22% used [0x00000000a0000000,0x00000000a0bf2e10,0x00000000a3480000)
 Metaspace       used 20801K, capacity 21250K, committed 21296K, reserved 1067008K
  class space    used 2906K, capacity 3089K, committed 3120K, reserved 1048576K
}
Event: 4.251 GC heap before
{Heap before GC invocations=7 (full 1):
 PSYoungGen      total 101888K, used 98304K [0x00000000e0000000, 0x00000000e6700000, 0x0000000100000000)
  eden space 98304K, 100% used [0x00000000e0000000,0x00000000e6000000,0x00000000e6000000)
  from space 3584K, 0% used [0x00000000e6000000,0x00000000e6000000,0x00000000e6380000)
  to   space 3584K, 0% used [0x00000000e6380000,0x00000000e6380000,0x00000000e6700000)
 ParOldGen       total 53760K, used 12235K [0x00000000a0000000, 0x00000000a3480000, 0x00000000e0000000)
  object space 53760K, 22% used [0x00000000a0000000,0x00000000a0bf2e10,0x00000000a3480000)
 Metaspace       used 28985K, capacity 29500K, committed 29616K, reserved 1075200K
  class space    used 4027K, capacity 4231K, committed 4272K, reserved 1048576K
Event: 4.265 GC heap after
Heap after GC invocations=7 (full 1):
 PSYoungGen      total 101888K, used 3568K [0x00000000e0000000, 0x00000000e6700000, 0x0000000100000000)
  eden space 98304K, 0% used [0x00000000e0000000,0x00000000e0000000,0x00000000e6000000)
  from space 3584K, 99% used [0x00000000e6380000,0x00000000e66fc010,0x00000000e6700000)
  to   space 3584K, 0% used [0x00000000e6000000,0x00000000e6000000,0x00000000e6380000)
 ParOldGen       total 53760K, used 18342K [0x00000000a0000000, 0x00000000a3480000, 0x00000000e0000000)
  object space 53760K, 34% used [0x00000000a0000000,0x00000000a11e9b60,0x00000000a3480000)
 Metaspace       used 28985K, capacity 29500K, committed 29616K, reserved 1075200K
  class space    used 4027K, capacity 4231K, committed 4272K, reserved 1048576K
}

