# JRE version: OpenJDK Runtime Environment (8.0_152-b01) (build 1.8.0_152-release-1248-b01)
# Java VM: OpenJDK 64-Bit Server VM (25.152-b01 mixed mode windows-amd64 compressed oops)
Heap:
 PSYoungGen      total 140800K, used 81070K [0x00000000e0000000, 0x00000000eb580000, 0x0000000100000000)
  eden space 124416K, 65% used [0x00000000e0000000,0x00000000e4f2ba68,0x00000000e7980000)
  from space 16384K, 0% used [0x00000000e7980000,0x00000000e7980000,0x00000000e8980000)
  to   space 15872K, 0% used [0x00000000ea600000,0x00000000ea600000,0x00000000eb580000)
 ParOldGen       total 73216K, used 30084K [0x00000000a0000000, 0x00000000a4780000, 0x00000000e0000000)
  object space 73216K, 41% used [0x00000000a0000000,0x00000000a1d61298,0x00000000a4780000)
 Metaspace       used 59630K, capacity 61250K, committed 61360K, reserved 1101824K
  class space    used 8114K, capacity 8546K, committed 8624K, reserved 1048576K
GC Heap History (10 events):
Event: 19.291 GC heap before
{Heap before GC invocations=12 (full 2):
 PSYoungGen      total 111616K, used 7353K [0x00000000e0000000, 0x00000000e8b80000, 0x0000000100000000)
  eden space 102400K, 0% used [0x00000000e0000000,0x00000000e0000000,0x00000000e6400000)
  from space 9216K, 79% used [0x00000000e6d80000,0x00000000e74ae658,0x00000000e7680000)
  to   space 9728K, 0% used [0x00000000e6400000,0x00000000e6400000,0x00000000e6d80000)
 ParOldGen       total 51200K, used 15480K [0x00000000a0000000, 0x00000000a3200000, 0x00000000e0000000)
  object space 51200K, 30% used [0x00000000a0000000,0x00000000a0f1e0b8,0x00000000a3200000)
 Metaspace       used 34814K, capacity 35326K, committed 35496K, reserved 1079296K
  class space    used 4851K, capacity 5065K, committed 5168K, reserved 1048576K
Event: 19.482 GC heap after
Heap after GC invocations=12 (full 2):
 PSYoungGen      total 111616K, used 0K [0x00000000e0000000, 0x00000000e8b80000, 0x0000000100000000)
  eden space 102400K, 0% used [0x00000000e0000000,0x00000000e0000000,0x00000000e6400000)
  from space 9216K, 0% used [0x00000000e6d80000,0x00000000e6d80000,0x00000000e7680000)
  to   space 9728K, 0% used [0x00000000e6400000,0x00000000e6400000,0x00000000e6d80000)
 ParOldGen       total 73216K, used 16299K [0x00000000a0000000, 0x00000000a4780000, 0x00000000e0000000)
  object space 73216K, 22% used [0x00000000a0000000,0x00000000a0fead48,0x00000000a4780000)
 Metaspace       used 34814K, capacity 35326K, committed 35496K, reserved 1079296K
  class space    used 4851K, capacity 5065K, committed 5168K, reserved 1048576K
}
Event: 26.746 GC heap before
{Heap before GC invocations=13 (full 2):
 PSYoungGen      total 111616K, used 102400K [0x00000000e0000000, 0x00000000e8b80000, 0x0000000100000000)
  eden space 102400K, 100% used [0x00000000e0000000,0x00000000e6400000,0x00000000e6400000)
  from space 9216K, 0% used [0x00000000e6d80000,0x00000000e6d80000,0x00000000e7680000)
  to   space 9728K, 0% used [0x00000000e6400000,0x00000000e6400000,0x00000000e6d80000)
 ParOldGen       total 73216K, used 16299K [0x00000000a0000000, 0x00000000a4780000, 0x00000000e0000000)
  object space 73216K, 22% used [0x00000000a0000000,0x00000000a0fead48,0x00000000a4780000)
 Metaspace       used 43708K, capacity 44538K, committed 44976K, reserved 1087488K
  class space    used 5935K, capacity 6220K, committed 6320K, reserved 1048576K
Event: 26.779 GC heap after
Heap after GC invocations=13 (full 2):
 PSYoungGen      total 112128K, used 9721K [0x00000000e0000000, 0x00000000e9580000, 0x0000000100000000)
  eden space 102400K, 0% used [0x00000000e0000000,0x00000000e0000000,0x00000000e6400000)
  from space 9728K, 99% used [0x00000000e6400000,0x00000000e6d7e600,0x00000000e6d80000)
  to   space 12288K, 0% used [0x00000000e8980000,0x00000000e8980000,0x00000000e9580000)
 ParOldGen       total 73216K, used 21405K [0x00000000a0000000, 0x00000000a4780000, 0x00000000e0000000)
  object space 73216K, 29% used [0x00000000a0000000,0x00000000a14e74b0,0x00000000a4780000)
 Metaspace       used 43708K, capacity 44538K, committed 44976K, reserved 1087488K
  class space    used 5935K, capacity 6220K, committed 6320K, reserved 1048576K
}
Event: 32.787 GC heap before
{Heap before GC invocations=14 (full 2):
 PSYoungGen      total 112128K, used 112121K [0x00000000e0000000, 0x00000000e9580000, 0x0000000100000000)
  eden space 102400K, 100% used [0x00000000e0000000,0x00000000e6400000,0x00000000e6400000)
  from space 9728K, 99% used [0x00000000e6400000,0x00000000e6d7e600,0x00000000e6d80000)
  to   space 12288K, 0% used [0x00000000e8980000,0x00000000e8980000,0x00000000e9580000)
 ParOldGen       total 73216K, used 21405K [0x00000000a0000000, 0x00000000a4780000, 0x00000000e0000000)
  object space 73216K, 29% used [0x00000000a0000000,0x00000000a14e74b0,0x00000000a4780000)
 Metaspace       used 54116K, capacity 55362K, committed 55600K, reserved 1097728K
  class space    used 7344K, capacity 7724K, committed 7728K, reserved 1048576K
Event: 32.822 GC heap after
Heap after GC invocations=14 (full 2):
 PSYoungGen      total 136704K, used 12286K [0x00000000e0000000, 0x00000000e9c00000, 0x0000000100000000)
  eden space 124416K, 0% used [0x00000000e0000000,0x00000000e0000000,0x00000000e7980000)
  from space 12288K, 99% used [0x00000000e8980000,0x00000000e957fad8,0x00000000e9580000)
  to   space 16384K, 0% used [0x00000000e7980000,0x00000000e7980000,0x00000000e8980000)
 ParOldGen       total 73216K, used 28061K [0x00000000a0000000, 0x00000000a4780000, 0x00000000e0000000)
  object space 73216K, 38% used [0x00000000a0000000,0x00000000a1b67758,0x00000000a4780000)
 Metaspace       used 54116K, capacity 55362K, committed 55600K, reserved 1097728K
  class space    used 7344K, capacity 7724K, committed 7728K, reserved 1048576K
}
Event: 35.975 GC heap before
{Heap before GC invocations=15 (full 2):
 PSYoungGen      total 136704K, used 58674K [0x00000000e0000000, 0x00000000e9c00000, 0x0000000100000000)
  eden space 124416K, 37% used [0x00000000e0000000,0x00000000e2d4cf48,0x00000000e7980000)
  from space 12288K, 99% used [0x00000000e8980000,0x00000000e957fad8,0x00000000e9580000)
  to   space 16384K, 0% used [0x00000000e7980000,0x00000000e7980000,0x00000000e8980000)
 ParOldGen       total 73216K, used 28061K [0x00000000a0000000, 0x00000000a4780000, 0x00000000e0000000)
  object space 73216K, 38% used [0x00000000a0000000,0x00000000a1b67758,0x00000000a4780000)
 Metaspace       used 57520K, capacity 59088K, committed 59160K, reserved 1099776K
  class space    used 7884K, capacity 8331K, committed 8368K, reserved 1048576K
Event: 36.006 GC heap after
Heap after GC invocations=15 (full 2):
 PSYoungGen      total 140800K, used 5123K [0x00000000e0000000, 0x00000000eb580000, 0x0000000100000000)
  eden space 124416K, 0% used [0x00000000e0000000,0x00000000e0000000,0x00000000e7980000)
  from space 16384K, 31% used [0x00000000e7980000,0x00000000e7e80dc8,0x00000000e8980000)
  to   space 15872K, 0% used [0x00000000ea600000,0x00000000ea600000,0x00000000eb580000)
 ParOldGen       total 73216K, used 39672K [0x00000000a0000000, 0x00000000a4780000, 0x00000000e0000000)
  object space 73216K, 54% used [0x00000000a0000000,0x00000000a26be0e0,0x00000000a4780000)
 Metaspace       used 57520K, capacity 59088K, committed 59160K, reserved 1099776K
  class space    used 7884K, capacity 8331K, committed 8368K, reserved 1048576K
}
Event: 36.006 GC heap before
{Heap before GC invocations=16 (full 3):
 PSYoungGen      total 140800K, used 5123K [0x00000000e0000000, 0x00000000eb580000, 0x0000000100000000)
  eden space 124416K, 0% used [0x00000000e0000000,0x00000000e0000000,0x00000000e7980000)
  from space 16384K, 31% used [0x00000000e7980000,0x00000000e7e80dc8,0x00000000e8980000)
  to   space 15872K, 0% used [0x00000000ea600000,0x00000000ea600000,0x00000000eb580000)
 ParOldGen       total 73216K, used 39672K [0x00000000a0000000, 0x00000000a4780000, 0x00000000e0000000)
  object space 73216K, 54% used [0x00000000a0000000,0x00000000a26be0e0,0x00000000a4780000)
 Metaspace       used 57520K, capacity 59088K, committed 59160K, reserved 1099776K
  class space    used 7884K, capacity 8331K, committed 8368K, reserved 1048576K
Event: 36.548 GC heap after
Heap after GC invocations=16 (full 3):
 PSYoungGen      total 140800K, used 0K [0x00000000e0000000, 0x00000000eb580000, 0x0000000100000000)
  eden space 124416K, 0% used [0x00000000e0000000,0x00000000e0000000,0x00000000e7980000)
  from space 16384K, 0% used [0x00000000e7980000,0x00000000e7980000,0x00000000e8980000)
  to   space 15872K, 0% used [0x00000000ea600000,0x00000000ea600000,0x00000000eb580000)
 ParOldGen       total 73216K, used 30084K [0x00000000a0000000, 0x00000000a4780000, 0x00000000e0000000)
  object space 73216K, 41% used [0x00000000a0000000,0x00000000a1d61298,0x00000000a4780000)
 Metaspace       used 57520K, capacity 59088K, committed 59160K, reserved 1099776K
  class space    used 7884K, capacity 8331K, committed 8368K, reserved 1048576K
}

