# JRE version: OpenJDK Runtime Environment (8.0_152-b01) (build 1.8.0_152-release-1248-b01)
# Java VM: OpenJDK 64-Bit Server VM (25.152-b01 mixed mode windows-amd64 compressed oops)
Heap:
 PSYoungGen      total 74240K, used 61365K [0x00000000e0000000, 0x00000000e5f80000, 0x0000000100000000)
  eden space 54784K, 96% used [0x00000000e0000000,0x00000000e33712e0,0x00000000e3580000)
  from space 19456K, 44% used [0x00000000e3580000,0x00000000e3dfc2a0,0x00000000e4880000)
  to   space 18944K, 0% used [0x00000000e4d00000,0x00000000e4d00000,0x00000000e5f80000)
 ParOldGen       total 105472K, used 90896K [0x00000000a0000000, 0x00000000a6700000, 0x00000000e0000000)
  object space 105472K, 86% used [0x00000000a0000000,0x00000000a58c41b0,0x00000000a6700000)
 Metaspace       used 91273K, capacity 97004K, committed 97200K, reserved 1134592K
  class space    used 11393K, capacity 12403K, committed 12464K, reserved 1048576K
GC Heap History (10 events):
Event: 6282.025 GC heap before
{Heap before GC invocations=128 (full 3):
 PSYoungGen      total 66560K, used 57976K [0x00000000e0000000, 0x00000000e5680000, 0x0000000100000000)
  eden space 45056K, 100% used [0x00000000e0000000,0x00000000e2c00000,0x00000000e2c00000)
  from space 21504K, 60% used [0x00000000e4100000,0x00000000e4d9e038,0x00000000e5600000)
  to   space 21504K, 0% used [0x00000000e2c00000,0x00000000e2c00000,0x00000000e4100000)
 ParOldGen       total 105472K, used 84284K [0x00000000a0000000, 0x00000000a6700000, 0x00000000e0000000)
  object space 105472K, 79% used [0x00000000a0000000,0x00000000a524f1b0,0x00000000a6700000)
 Metaspace       used 91063K, capacity 96718K, committed 96944K, reserved 1134592K
  class space    used 11392K, capacity 12402K, committed 12464K, reserved 1048576K
Event: 6282.043 GC heap after
Heap after GC invocations=128 (full 3):
 PSYoungGen      total 66560K, used 11623K [0x00000000e0000000, 0x00000000e5b00000, 0x0000000100000000)
  eden space 45056K, 0% used [0x00000000e0000000,0x00000000e0000000,0x00000000e2c00000)
  from space 21504K, 54% used [0x00000000e2c00000,0x00000000e3759db8,0x00000000e4100000)
  to   space 20992K, 0% used [0x00000000e4680000,0x00000000e4680000,0x00000000e5b00000)
 ParOldGen       total 105472K, used 84308K [0x00000000a0000000, 0x00000000a6700000, 0x00000000e0000000)
  object space 105472K, 79% used [0x00000000a0000000,0x00000000a52551b0,0x00000000a6700000)
 Metaspace       used 91063K, capacity 96718K, committed 96944K, reserved 1134592K
  class space    used 11392K, capacity 12402K, committed 12464K, reserved 1048576K
}
Event: 6546.298 GC heap before
{Heap before GC invocations=129 (full 3):
 PSYoungGen      total 66560K, used 56679K [0x00000000e0000000, 0x00000000e5b00000, 0x0000000100000000)
  eden space 45056K, 100% used [0x00000000e0000000,0x00000000e2c00000,0x00000000e2c00000)
  from space 21504K, 54% used [0x00000000e2c00000,0x00000000e3759db8,0x00000000e4100000)
  to   space 20992K, 0% used [0x00000000e4680000,0x00000000e4680000,0x00000000e5b00000)
 ParOldGen       total 105472K, used 84308K [0x00000000a0000000, 0x00000000a6700000, 0x00000000e0000000)
  object space 105472K, 79% used [0x00000000a0000000,0x00000000a52551b0,0x00000000a6700000)
 Metaspace       used 91072K, capacity 96718K, committed 96944K, reserved 1134592K
  class space    used 11392K, capacity 12402K, committed 12464K, reserved 1048576K
Event: 6546.307 GC heap after
Heap after GC invocations=129 (full 3):
 PSYoungGen      total 71168K, used 1104K [0x00000000e0000000, 0x00000000e5b00000, 0x0000000100000000)
  eden space 50176K, 0% used [0x00000000e0000000,0x00000000e0000000,0x00000000e3100000)
  from space 20992K, 5% used [0x00000000e4680000,0x00000000e4794108,0x00000000e5b00000)
  to   space 21504K, 0% used [0x00000000e3100000,0x00000000e3100000,0x00000000e4600000)
 ParOldGen       total 105472K, used 90526K [0x00000000a0000000, 0x00000000a6700000, 0x00000000e0000000)
  object space 105472K, 85% used [0x00000000a0000000,0x00000000a5867900,0x00000000a6700000)
 Metaspace       used 91072K, capacity 96718K, committed 96944K, reserved 1134592K
  class space    used 11392K, capacity 12402K, committed 12464K, reserved 1048576K
}
Event: 7596.197 GC heap before
{Heap before GC invocations=130 (full 3):
 PSYoungGen      total 71168K, used 51280K [0x00000000e0000000, 0x00000000e5b00000, 0x0000000100000000)
  eden space 50176K, 100% used [0x00000000e0000000,0x00000000e3100000,0x00000000e3100000)
  from space 20992K, 5% used [0x00000000e4680000,0x00000000e4794108,0x00000000e5b00000)
  to   space 21504K, 0% used [0x00000000e3100000,0x00000000e3100000,0x00000000e4600000)
 ParOldGen       total 105472K, used 90526K [0x00000000a0000000, 0x00000000a6700000, 0x00000000e0000000)
  object space 105472K, 85% used [0x00000000a0000000,0x00000000a5867900,0x00000000a6700000)
 Metaspace       used 91082K, capacity 96782K, committed 96944K, reserved 1134592K
  class space    used 11392K, capacity 12402K, committed 12464K, reserved 1048576K
Event: 7596.242 GC heap after
Heap after GC invocations=130 (full 3):
 PSYoungGen      total 71680K, used 9088K [0x00000000e0000000, 0x00000000e5e00000, 0x0000000100000000)
  eden space 50176K, 0% used [0x00000000e0000000,0x00000000e0000000,0x00000000e3100000)
  from space 21504K, 42% used [0x00000000e3100000,0x00000000e39e0030,0x00000000e4600000)
  to   space 20480K, 0% used [0x00000000e4a00000,0x00000000e4a00000,0x00000000e5e00000)
 ParOldGen       total 105472K, used 90888K [0x00000000a0000000, 0x00000000a6700000, 0x00000000e0000000)
  object space 105472K, 86% used [0x00000000a0000000,0x00000000a58c21b0,0x00000000a6700000)
 Metaspace       used 91082K, capacity 96782K, committed 96944K, reserved 1134592K
  class space    used 11392K, capacity 12402K, committed 12464K, reserved 1048576K
}
Event: 7605.597 GC heap before
{Heap before GC invocations=131 (full 3):
 PSYoungGen      total 71680K, used 59264K [0x00000000e0000000, 0x00000000e5e00000, 0x0000000100000000)
  eden space 50176K, 100% used [0x00000000e0000000,0x00000000e3100000,0x00000000e3100000)
  from space 21504K, 42% used [0x00000000e3100000,0x00000000e39e0030,0x00000000e4600000)
  to   space 20480K, 0% used [0x00000000e4a00000,0x00000000e4a00000,0x00000000e5e00000)
 ParOldGen       total 105472K, used 90888K [0x00000000a0000000, 0x00000000a6700000, 0x00000000e0000000)
  object space 105472K, 86% used [0x00000000a0000000,0x00000000a58c21b0,0x00000000a6700000)
 Metaspace       used 91091K, capacity 96782K, committed 96944K, reserved 1134592K
  class space    used 11392K, capacity 12402K, committed 12464K, reserved 1048576K
Event: 7605.616 GC heap after
Heap after GC invocations=131 (full 3):
 PSYoungGen      total 72704K, used 10412K [0x00000000e0000000, 0x00000000e5b80000, 0x0000000100000000)
  eden space 54784K, 0% used [0x00000000e0000000,0x00000000e0000000,0x00000000e3580000)
  from space 17920K, 58% used [0x00000000e4a00000,0x00000000e542b3c8,0x00000000e5b80000)
  to   space 19456K, 0% used [0x00000000e3580000,0x00000000e3580000,0x00000000e4880000)
 ParOldGen       total 105472K, used 90896K [0x00000000a0000000, 0x00000000a6700000, 0x00000000e0000000)
  object space 105472K, 86% used [0x00000000a0000000,0x00000000a58c41b0,0x00000000a6700000)
 Metaspace       used 91091K, capacity 96782K, committed 96944K, reserved 1134592K
  class space    used 11392K, capacity 12402K, committed 12464K, reserved 1048576K
}
Event: 7607.525 GC heap before
{Heap before GC invocations=132 (full 3):
 PSYoungGen      total 72704K, used 65190K [0x00000000e0000000, 0x00000000e5b80000, 0x0000000100000000)
  eden space 54784K, 99% used [0x00000000e0000000,0x00000000e357e750,0x00000000e3580000)
  from space 17920K, 58% used [0x00000000e4a00000,0x00000000e542b3c8,0x00000000e5b80000)
  to   space 19456K, 0% used [0x00000000e3580000,0x00000000e3580000,0x00000000e4880000)
 ParOldGen       total 105472K, used 90896K [0x00000000a0000000, 0x00000000a6700000, 0x00000000e0000000)
  object space 105472K, 86% used [0x00000000a0000000,0x00000000a58c41b0,0x00000000a6700000)
 Metaspace       used 91172K, capacity 96916K, committed 97200K, reserved 1134592K
  class space    used 11393K, capacity 12403K, committed 12464K, reserved 1048576K
Event: 7607.554 GC heap after
Heap after GC invocations=132 (full 3):
 PSYoungGen      total 74240K, used 8688K [0x00000000e0000000, 0x00000000e5f80000, 0x0000000100000000)
  eden space 54784K, 0% used [0x00000000e0000000,0x00000000e0000000,0x00000000e3580000)
  from space 19456K, 44% used [0x00000000e3580000,0x00000000e3dfc2a0,0x00000000e4880000)
  to   space 18944K, 0% used [0x00000000e4d00000,0x00000000e4d00000,0x00000000e5f80000)
 ParOldGen       total 105472K, used 90896K [0x00000000a0000000, 0x00000000a6700000, 0x00000000e0000000)
  object space 105472K, 86% used [0x00000000a0000000,0x00000000a58c41b0,0x00000000a6700000)
 Metaspace       used 91172K, capacity 96916K, committed 97200K, reserved 1134592K
  class space    used 11393K, capacity 12403K, committed 12464K, reserved 1048576K
}

